IQ-TREE version 1.5.5 for Mac OS X 64-bit built Jun  2 2017
Copyright (c) 2011-2017 by Bui Quang Minh, Nguyen Lam Tung,
Olga Chernomor, Heiko Schmidt, and Arndt von Haeseler.

Host:    aquila (AVX2, FMA3, 32 GB RAM)
Command: /Users/roblanfear/Documents/github/somatic-variation/variant_analyses/iqtree -s /Users/roblanfear/Documents/github/somatic-variation/variant_analyses/analysis2_compare_brlens//aln_0gaps.fa -redo -m K2P -g /Users/roblanfear/Documents/github/somatic-variation/variant_analyses/tree_em1_physical_structure.phy
Seed:    626713 (Using SPRNG - Scalable Parallel Random Number Generator)
Time:    Tue Sep 11 12:18:45 2018
Kernel:  AVX+FMA

NOTE: Consider using the multicore version because your CPU has 8 cores!

Reading alignment file /Users/roblanfear/Documents/github/somatic-variation/variant_analyses/analysis2_compare_brlens//aln_0gaps.fa ... Fasta format detected
Alignment most likely contains DNA/RNA sequences
Alignment has 8 sequences with 73 columns and 50 patterns (23 informative sites, 0 constant sites)
    Gap/Ambiguity  Composition  p-value
   1  M1    0.00%    passed     73.75%
   2  M2    0.00%    passed     60.97%
   3  M3    0.00%    passed     88.06%
   4  M4    0.00%    passed     65.21%
   5  M5    0.00%    passed     75.60%
   6  M6    0.00%    passed     57.47%
   7  M7    0.00%    passed     84.65%
   8  M8    0.00%    passed     93.36%
****  TOTAL    0.00%  0 sequences failed composition chi2 test (p-value<5%; df=3)
Reading constraint tree /Users/roblanfear/Documents/github/somatic-variation/variant_analyses/tree_em1_physical_structure.phy...
Creating fast initial parsimony tree by random order stepwise addition...
0.000 seconds, parsimony score: 0 (based on 23 informative sites)

NOTE: 0 MB RAM (0 GB) is required!
Estimate model parameters (epsilon = 0.100)
1. Initial log-likelihood: -486.094
2. Current log-likelihood: -412.337
3. Current log-likelihood: -412.234
Optimal log-likelihood: -412.234
Rate parameters:  A-C: 1.000  A-G: 2.547  A-T: 1.000  C-G: 1.000  C-T: 2.547  G-T: 1.000
Base frequencies:   A: 0.250  C: 0.250  G: 0.250  T: 0.250
Parameters optimization took 3 rounds (0.001 sec)
--------------------------------------------------------------------
|             INITIALIZING CANDIDATE TREE SET                      |
--------------------------------------------------------------------
Generating 99 parsimony trees... 0.012 second
Current best score: -412.234

Do NNI search on 1 best initial trees
Estimate model parameters (epsilon = 0.100)
BETTER TREE FOUND at iteration 1: -412.234
Finish initializing candidate tree set (1)
Current best tree score: -412.234 / CPU time: 0.013
Number of iterations: 1
--------------------------------------------------------------------
|               OPTIMIZING CANDIDATE TREE SET                      |
--------------------------------------------------------------------
Iteration 10 / LogL: -412.234 / Time: 0h:0m:0s
Iteration 20 / LogL: -412.234 / Time: 0h:0m:0s
Iteration 30 / LogL: -412.234 / Time: 0h:0m:0s (0h:0m:0s left)
Iteration 40 / LogL: -412.234 / Time: 0h:0m:0s (0h:0m:0s left)
Iteration 50 / LogL: -412.234 / Time: 0h:0m:0s (0h:0m:0s left)
Iteration 60 / LogL: -412.234 / Time: 0h:0m:0s (0h:0m:0s left)
Iteration 70 / LogL: -412.234 / Time: 0h:0m:0s (0h:0m:0s left)
Iteration 80 / LogL: -412.234 / Time: 0h:0m:0s (0h:0m:0s left)
Iteration 90 / LogL: -412.234 / Time: 0h:0m:0s (0h:0m:0s left)
Iteration 100 / LogL: -412.234 / Time: 0h:0m:0s (0h:0m:0s left)
TREE SEARCH COMPLETED AFTER 102 ITERATIONS / Time: 0h:0m:0s

--------------------------------------------------------------------
|                    FINALIZING TREE SEARCH                        |
--------------------------------------------------------------------
Performs final model parameters optimization
Estimate model parameters (epsilon = 0.010)
1. Initial log-likelihood: -412.234
Optimal log-likelihood: -412.234
Rate parameters:  A-C: 1.000  A-G: 2.547  A-T: 1.000  C-G: 1.000  C-T: 2.547  G-T: 1.000
Base frequencies:   A: 0.250  C: 0.250  G: 0.250  T: 0.250
Parameters optimization took 1 rounds (0.000 sec)
BEST SCORE FOUND : -412.234
Total tree length: 1.225

Total number of iterations: 102
CPU time used for tree search: 0.024 sec (0h:0m:0s)
Wall-clock time used for tree search: 0.025 sec (0h:0m:0s)
Total CPU time used: 0.028 sec (0h:0m:0s)
Total wall-clock time used: 0.030 sec (0h:0m:0s)

Analysis results written to: 
  IQ-TREE report:                /Users/roblanfear/Documents/github/somatic-variation/variant_analyses/analysis2_compare_brlens//aln_0gaps.fa.iqtree
  Maximum-likelihood tree:       /Users/roblanfear/Documents/github/somatic-variation/variant_analyses/analysis2_compare_brlens//aln_0gaps.fa.treefile
  Screen log file:               /Users/roblanfear/Documents/github/somatic-variation/variant_analyses/analysis2_compare_brlens//aln_0gaps.fa.log

Date and Time: Tue Sep 11 12:18:45 2018
